# JRE version: 7.0_21-b11
# Java VM: Java HotSpot(TM) Client VM (23.21-b01 mixed mode, sharing windows-x86 )
Heap
 def new generation   total 4928K, used 2022K [0x236d0000, 0x23c20000, 0x28c20000)
  eden space 4416K,  34% used [0x236d0000, 0x23849820, 0x23b20000)
  from space 512K, 100% used [0x23b20000, 0x23ba0000, 0x23ba0000)
  to   space 512K,   0% used [0x23ba0000, 0x23ba0000, 0x23c20000)
 tenured generation   total 10944K, used 2254K [0x28c20000, 0x296d0000, 0x336d0000)
   the space 10944K,  20% used [0x28c20000, 0x28e538f0, 0x28e53a00, 0x296d0000)
 compacting perm gen  total 12288K, used 1940K [0x336d0000, 0x342d0000, 0x376d0000)
   the space 12288K,  15% used [0x336d0000, 0x338b5360, 0x338b5400, 0x342d0000)
    ro space 10240K,  45% used [0x376d0000, 0x37b57988, 0x37b57a00, 0x380d0000)
    rw space 12288K,  54% used [0x380d0000, 0x3875b5d8, 0x3875b600, 0x38cd0000)
GC Heap History (4 events):
Event: 2.057 GC heap before
{Heap before GC invocations=0 (full 0):
 def new generation   total 4928K, used 4416K [0x236d0000, 0x23c20000, 0x28c20000)
  eden space 4416K, 100% used [0x236d0000, 0x23b20000, 0x23b20000)
  from space 512K,   0% used [0x23b20000, 0x23b20000, 0x23ba0000)
  to   space 512K,   0% used [0x23ba0000, 0x23ba0000, 0x23c20000)
 tenured generation   total 10944K, used 0K [0x28c20000, 0x296d0000, 0x336d0000)
   the space 10944K,   0% used [0x28c20000, 0x28c20000, 0x28c20200, 0x296d0000)
 compacting perm gen  total 12288K, used 1141K [0x336d0000, 0x342d0000, 0x376d0000)
   the space 12288K,   9% used [0x336d0000, 0x337ed498, 0x337ed600, 0x342d0000)
    ro space 10240K,  45% used [0x376d0000, 0x37b57988, 0x37b57a00, 0x380d0000)
    rw space 12288K,  54% used [0x380d0000, 0x3875b5d8, 0x3875b600, 0x38cd0000)
Event: 2.070 GC heap after
Heap after GC invocations=1 (full 0):
 def new generation   total 4928K, used 512K [0x236d0000, 0x23c20000, 0x28c20000)
  eden space 4416K,   0% used [0x236d0000, 0x236d0000, 0x23b20000)
  from space 512K, 100% used [0x23ba0000, 0x23c20000, 0x23c20000)
  to   space 512K,   0% used [0x23b20000, 0x23b20000, 0x23ba0000)
 tenured generation   total 10944K, used 513K [0x28c20000, 0x296d0000, 0x336d0000)
   the space 10944K,   4% used [0x28c20000, 0x28ca0798, 0x28ca0800, 0x296d0000)
 compacting perm gen  total 12288K, used 1141K [0x336d0000, 0x342d0000, 0x376d0000)
   the space 12288K,   9% used [0x336d0000, 0x337ed498, 0x337ed600, 0x342d0000)
    ro space 10240K,  45% used [0x376d0000, 0x37b57988, 0x37b57a00, 0x380d0000)
    rw space 12288K,  54% used [0x380d0000, 0x3875b5d8, 0x3875b600, 0x38cd0000)
}
Event: 2.856 GC heap before
{Heap before GC invocations=1 (full 0):
 def new generation   total 4928K, used 4928K [0x236d0000, 0x23c20000, 0x28c20000)
  eden space 4416K, 100% used [0x236d0000, 0x23b20000, 0x23b20000)
  from space 512K, 100% used [0x23ba0000, 0x23c20000, 0x23c20000)
  to   space 512K,   0% used [0x23b20000, 0x23b20000, 0x23ba0000)
 tenured generation   total 10944K, used 513K [0x28c20000, 0x296d0000, 0x336d0000)
   the space 10944K,   4% used [0x28c20000, 0x28ca0798, 0x28ca0800, 0x296d0000)
 compacting perm gen  total 12288K, used 1802K [0x336d0000, 0x342d0000, 0x376d0000)
   the space 12288K,  14% used [0x336d0000, 0x33892a40, 0x33892c00, 0x342d0000)
    ro space 10240K,  45% used [0x376d0000, 0x37b57988, 0x37b57a00, 0x380d0000)
    rw space 12288K,  54% used [0x380d0000, 0x3875b5d8, 0x3875b600, 0x38cd0000)
Event: 2.869 GC heap after
Heap after GC invocations=2 (full 0):
 def new generation   total 4928K, used 512K [0x236d0000, 0x23c20000, 0x28c20000)
  eden space 4416K,   0% used [0x236d0000, 0x236d0000, 0x23b20000)
  from space 512K, 100% used [0x23b20000, 0x23ba0000, 0x23ba0000)
  to   space 512K,   0% used [0x23ba0000, 0x23ba0000, 0x23c20000)
 tenured generation   total 10944K, used 2254K [0x28c20000, 0x296d0000, 0x336d0000)
   the space 10944K,  20% used [0x28c20000, 0x28e538f0, 0x28e53a00, 0x296d0000)
 compacting perm gen  total 12288K, used 1802K [0x336d0000, 0x342d0000, 0x376d0000)
   the space 12288K,  14% used [0x336d0000, 0x33892a40, 0x33892c00, 0x342d0000)
    ro space 10240K,  45% used [0x376d0000, 0x37b57988, 0x37b57a00, 0x380d0000)
    rw space 12288K,  54% used [0x380d0000, 0x3875b5d8, 0x3875b600, 0x38cd0000)
}

